Arguments: 
  /Users/ajain1/.nvm/versions/node/v16.15.0/bin/node /Users/ajain1/.nvm/versions/node/v16.15.0/bin/yarn add @mantime/core @mantime/hooks

PATH: 
  /Users/ajain1/tomcat/apache-tomcat-9.0.50/bin:/Users/ajain1/maven/apache-maven-3.8.1/bin:/Users/ajain1/.nvm/versions/node/v16.15.0/bin:/usr/local/bin:/usr/bin:/bin:/usr/sbin:/sbin:/Applications/CyberArk EPM.app/Contents/Helpers:/Library/Apple/usr/bin

Yarn version: 
  1.22.18

Node version: 
  16.15.0

Platform: 
  darwin x64

Trace: 
  Error: https://registry.yarnpkg.com/@mantime%2fcore: Not found
      at Request.params.callback [as _callback] (/Users/ajain1/.nvm/versions/node/v16.15.0/lib/node_modules/yarn/lib/cli.js:66138:18)
      at Request.self.callback (/Users/ajain1/.nvm/versions/node/v16.15.0/lib/node_modules/yarn/lib/cli.js:140883:22)
      at Request.emit (node:events:527:28)
      at Request.<anonymous> (/Users/ajain1/.nvm/versions/node/v16.15.0/lib/node_modules/yarn/lib/cli.js:141855:10)
      at Request.emit (node:events:527:28)
      at IncomingMessage.<anonymous> (/Users/ajain1/.nvm/versions/node/v16.15.0/lib/node_modules/yarn/lib/cli.js:141777:12)
      at Object.onceWrapper (node:events:641:28)
      at IncomingMessage.emit (node:events:539:35)
      at endReadableNT (node:internal/streams/readable:1345:12)
      at processTicksAndRejections (node:internal/process/task_queues:83:21)

npm manifest: 
  No manifest

yarn manifest: 
  No manifest

Lockfile: 
  No lockfile
